2019-10-11 21:54:01,755 [main] INFO  pe.gob.minsa.mcs.servicio.renhice.McsServicioRenhiceApplication - Starting McsServicioRenhiceApplication v1.0.0 on mcsserviciorenhice1 with PID 1 (/app.jar started by root in /)
2019-10-11 21:54:01,762 [main] DEBUG pe.gob.minsa.mcs.servicio.renhice.McsServicioRenhiceApplication - Running with Spring Boot v2.1.8.RELEASE, Spring v5.1.9.RELEASE
2019-10-11 21:54:01,763 [main] INFO  pe.gob.minsa.mcs.servicio.renhice.McsServicioRenhiceApplication - No active profile set, falling back to default profiles: default
2019-10-11 21:54:04,868 [main] DEBUG springfox.documentation.spring.web.PropertySourcedRequestMappingHandlerMapping - initialising the handler methods
2019-10-11 21:54:04,871 [main] INFO  springfox.documentation.spring.web.PropertySourcedRequestMappingHandlerMapping - Mapped URL path [/v2/api-docs] onto method [public org.springframework.http.ResponseEntity<springfox.documentation.spring.web.json.Json> springfox.documentation.swagger2.web.Swagger2Controller.getDocumentation(java.lang.String,javax.servlet.http.HttpServletRequest)]
2019-10-11 21:54:05,376 [main] INFO  springfox.documentation.spring.web.plugins.DocumentationPluginsBootstrapper - Context refreshed
2019-10-11 21:54:05,408 [main] INFO  springfox.documentation.spring.web.plugins.DocumentationPluginsBootstrapper - Found 1 custom documentation plugin(s)
2019-10-11 21:54:05,429 [main] DEBUG springfox.documentation.spring.web.plugins.DefaultRequestHandlerCombiner - Total number of request handlers 6
2019-10-11 21:54:05,430 [main] DEBUG springfox.documentation.spring.web.plugins.DefaultRequestHandlerCombiner - Adding key: [/error], WebMvcRequestHandler{key=RequestHandlerKey{pathMappings=[/error], supportedMethods=[], supportedMediaTypes=[], producibleMediaTypes=[text/html]}}
2019-10-11 21:54:05,430 [main] DEBUG springfox.documentation.spring.web.plugins.DefaultRequestHandlerCombiner - Adding key: [/error], WebMvcRequestHandler{key=RequestHandlerKey{pathMappings=[/error], supportedMethods=[], supportedMediaTypes=[], producibleMediaTypes=[]}}
2019-10-11 21:54:05,431 [main] DEBUG springfox.documentation.spring.web.plugins.DefaultRequestHandlerCombiner - Adding key: [/servicio/v1.0/enviar-datos], WebMvcRequestHandler{key=RequestHandlerKey{pathMappings=[/servicio/v1.0/enviar-datos], supportedMethods=[POST], supportedMediaTypes=[], producibleMediaTypes=[application/json;charset=UTF-8]}}
2019-10-11 21:54:05,431 [main] DEBUG springfox.documentation.spring.web.plugins.DefaultRequestHandlerCombiner - Adding key: [/swagger-resources/configuration/security], WebMvcRequestHandler{key=RequestHandlerKey{pathMappings=[/swagger-resources/configuration/security], supportedMethods=[], supportedMediaTypes=[], producibleMediaTypes=[]}}
2019-10-11 21:54:05,431 [main] DEBUG springfox.documentation.spring.web.plugins.DefaultRequestHandlerCombiner - Adding key: [/swagger-resources/configuration/ui], WebMvcRequestHandler{key=RequestHandlerKey{pathMappings=[/swagger-resources/configuration/ui], supportedMethods=[], supportedMediaTypes=[], producibleMediaTypes=[]}}
2019-10-11 21:54:05,431 [main] DEBUG springfox.documentation.spring.web.plugins.DefaultRequestHandlerCombiner - Adding key: [/swagger-resources], WebMvcRequestHandler{key=RequestHandlerKey{pathMappings=[/swagger-resources], supportedMethods=[], supportedMediaTypes=[], producibleMediaTypes=[]}}
2019-10-11 21:54:05,449 [main] DEBUG springfox.documentation.spring.web.plugins.DefaultRequestHandlerCombiner - Combined number of request handlers 6
2019-10-11 21:54:05,450 [main] INFO  springfox.documentation.spring.web.scanners.ApiListingReferenceScanner - Scanning for api listing references
2019-10-11 21:54:05,465 [main] DEBUG springfox.documentation.spring.web.readers.operation.OperationModelsProvider - Adding return parameter of type Lpe/gob/minsa/mcs/servicio/renhice/bean/DatosClinicosResponseBean;
2019-10-11 21:54:05,466 [main] DEBUG springfox.documentation.spring.web.readers.operation.OperationModelsProvider - Reading parameters models for handlerMethod |enviarDatos|
2019-10-11 21:54:05,466 [main] DEBUG springfox.documentation.spring.web.readers.operation.OperationModelsProvider - Adding input parameter of type Lpe/gob/minsa/mcs/servicio/renhice/bean/DatosClinicosBean;
2019-10-11 21:54:05,466 [main] DEBUG springfox.documentation.spring.web.readers.operation.OperationModelsProvider - Finished reading parameters models for handlerMethod |enviarDatos|
2019-10-11 21:54:05,468 [main] DEBUG springfox.documentation.swagger.readers.operation.SwaggerOperationModelsProvider - Reading parameters models for handlerMethod |enviarDatos|
2019-10-11 21:54:05,536 [main] DEBUG springfox.documentation.spring.web.scanners.ApiModelReader - Generated parameter model id: DatosClinicosBean, name: DatosClinicosBean, schema: {} models
2019-10-11 21:54:05,536 [main] DEBUG springfox.documentation.spring.web.scanners.ApiModelReader - Adding a new model with key DatosClinicosBean
2019-10-11 21:54:05,667 [main] DEBUG springfox.documentation.spring.web.scanners.ApiModelReader - Adding a new model with key AntAdversaMedicamento
2019-10-11 21:54:05,667 [main] DEBUG springfox.documentation.spring.web.scanners.ApiModelReader - Adding a new model with key Diagnostico
2019-10-11 21:54:05,667 [main] DEBUG springfox.documentation.spring.web.scanners.ApiModelReader - Adding a new model with key AntDefinitivo
2019-10-11 21:54:05,667 [main] DEBUG springfox.documentation.spring.web.scanners.ApiModelReader - Adding a new model with key AntIntervencionQuirurgica
2019-10-11 21:54:05,667 [main] DEBUG springfox.documentation.spring.web.scanners.ApiModelReader - Adding a new model with key MedicamentoPrescrito
2019-10-11 21:54:05,668 [main] DEBUG springfox.documentation.spring.web.scanners.ApiModelReader - Adding a new model with key PlanMotivoContrareferencia
2019-10-11 21:54:05,668 [main] DEBUG springfox.documentation.spring.web.scanners.ApiModelReader - Adding a new model with key AntTipoAdversaMedicamento
2019-10-11 21:54:05,668 [main] DEBUG springfox.documentation.spring.web.scanners.ApiModelReader - Adding a new model with key IndicacionAlta
2019-10-11 21:54:05,668 [main] DEBUG springfox.documentation.spring.web.scanners.ApiModelReader - Adding a new model with key EpisodioAtencion
2019-10-11 21:54:05,668 [main] DEBUG springfox.documentation.spring.web.scanners.ApiModelReader - Adding a new model with key Antecedente
2019-10-11 21:54:05,668 [main] DEBUG springfox.documentation.spring.web.scanners.ApiModelReader - Adding a new model with key PlanExamenAuxiliarLaboratorio
2019-10-11 21:54:05,668 [main] DEBUG springfox.documentation.spring.web.scanners.ApiModelReader - Adding a new model with key PlanExamenAuxiliarImagen
2019-10-11 21:54:05,668 [main] DEBUG springfox.documentation.spring.web.scanners.ApiModelReader - Adding a new model with key AntInmunizacionEpisodio
2019-10-11 21:54:05,668 [main] DEBUG springfox.documentation.spring.web.scanners.ApiModelReader - Adding a new model with key PlanEnfermedadRam
2019-10-11 21:54:05,668 [main] DEBUG springfox.documentation.spring.web.scanners.ApiModelReader - Adding a new model with key Tratamiento
2019-10-11 21:54:05,668 [main] DEBUG springfox.documentation.spring.web.scanners.ApiModelReader - Adding a new model with key AntHospitalizacionPrevia
2019-10-11 21:54:05,668 [main] DEBUG springfox.documentation.spring.web.scanners.ApiModelReader - Adding a new model with key AntMedicacionHabitual
2019-10-11 21:54:05,669 [main] DEBUG springfox.documentation.spring.web.scanners.ApiModelReader - Adding a new model with key PlanRespuestaTelemedicina
2019-10-11 21:54:05,669 [main] DEBUG springfox.documentation.spring.web.scanners.ApiModelReader - Adding a new model with key PlanRespuestaInterconsulta
2019-10-11 21:54:05,669 [main] DEBUG springfox.documentation.spring.web.scanners.ApiModelReader - Adding a new model with key IndAltaDiagEgreso
2019-10-11 21:54:05,669 [main] DEBUG springfox.documentation.spring.web.scanners.ApiModelReader - Adding a new model with key AntInmunizacion
2019-10-11 21:54:05,669 [main] DEBUG springfox.documentation.spring.web.scanners.ApiModelReader - Adding a new model with key PlanTrabajo
2019-10-11 21:54:05,669 [main] DEBUG springfox.documentation.spring.web.scanners.ApiModelReader - Adding a new model with key TratamientoMedicamentoControlado
2019-10-11 21:54:05,669 [main] DEBUG springfox.documentation.spring.web.scanners.ApiModelReader - Adding a new model with key AntEpidemiologico
2019-10-11 21:54:05,669 [main] DEBUG springfox.documentation.spring.web.scanners.ApiModelReader - Adding a new model with key PlanMotivoReferencia
2019-10-11 21:54:05,669 [main] DEBUG springfox.documentation.spring.web.scanners.ApiModelReader - Adding a new model with key TratamientoMedicamento
2019-10-11 21:54:05,669 [main] DEBUG springfox.documentation.spring.web.scanners.ApiModelReader - Adding a new model with key PlanMotivoTelemedicina
2019-10-11 21:54:05,669 [main] DEBUG springfox.documentation.spring.web.scanners.ApiModelReader - Adding a new model with key AntObstetrico
2019-10-11 21:54:05,669 [main] DEBUG springfox.documentation.spring.web.scanners.ApiModelReader - Adding a new model with key PlanResultadoExamenLaboratorio
2019-10-11 21:54:05,670 [main] DEBUG springfox.documentation.spring.web.scanners.ApiModelReader - Adding a new model with key AntSocial
2019-10-11 21:54:05,670 [main] DEBUG springfox.documentation.spring.web.scanners.ApiModelReader - Adding a new model with key AntObsParto
2019-10-11 21:54:05,670 [main] DEBUG springfox.documentation.spring.web.scanners.ApiModelReader - Adding a new model with key AntAlergia
2019-10-11 21:54:05,670 [main] DEBUG springfox.documentation.spring.web.scanners.ApiModelReader - Adding a new model with key EpisodioClinico
2019-10-11 21:54:05,670 [main] DEBUG springfox.documentation.spring.web.scanners.ApiModelReader - Adding a new model with key AntfamiliarConsanguineidad
2019-10-11 21:54:05,671 [main] DEBUG springfox.documentation.spring.web.scanners.ApiModelReader - Generated parameter model id: DatosClinicosResponseBean, name: DatosClinicosResponseBean, schema: {} models
2019-10-11 21:54:05,672 [main] DEBUG springfox.documentation.spring.web.scanners.ApiModelReader - Adding a new model with key DatosClinicosResponseBean
2019-10-11 21:54:05,687 [main] DEBUG springfox.documentation.spring.web.readers.operation.OperationResponseClassReader - Setting spring response class to: DatosClinicosResponseBean
2019-10-11 21:54:05,687 [main] DEBUG springfox.documentation.swagger.readers.operation.SwaggerOperationResponseClassReader - Setting response class to:DatosClinicosResponseBean
2019-10-11 21:54:05,688 [main] DEBUG springfox.documentation.swagger.readers.operation.OperationAuthReader - Authorization count 0 for method enviarDatos
2019-10-11 21:54:05,792 [main] INFO  pe.gob.minsa.mcs.servicio.renhice.McsServicioRenhiceApplication - Started McsServicioRenhiceApplication in 4.76 seconds (JVM running for 6.02)
2019-10-11 21:55:04,660 [http-nio-8080-exec-2] DEBUG springfox.documentation.spring.web.PropertySourcedRequestMappingHandlerMapping - looking up handler for path: /
2019-10-11 21:55:04,689 [http-nio-8080-exec-2] DEBUG springfox.documentation.spring.web.PropertySourcedRequestMappingHandlerMapping - looking up handler for path: /index.html
2019-10-11 21:55:06,096 [http-nio-8080-exec-3] DEBUG springfox.documentation.spring.web.PropertySourcedRequestMappingHandlerMapping - looking up handler for path: /swagger-ui.html
2019-10-11 21:55:06,111 [http-nio-8080-exec-4] DEBUG springfox.documentation.spring.web.PropertySourcedRequestMappingHandlerMapping - looking up handler for path: /webjars/springfox-swagger-ui/springfox.css
2019-10-11 21:55:06,113 [http-nio-8080-exec-5] DEBUG springfox.documentation.spring.web.PropertySourcedRequestMappingHandlerMapping - looking up handler for path: /webjars/springfox-swagger-ui/swagger-ui.css
2019-10-11 21:55:06,132 [http-nio-8080-exec-6] DEBUG springfox.documentation.spring.web.PropertySourcedRequestMappingHandlerMapping - looking up handler for path: /webjars/springfox-swagger-ui/swagger-ui-standalone-preset.js
2019-10-11 21:55:06,137 [http-nio-8080-exec-8] DEBUG springfox.documentation.spring.web.PropertySourcedRequestMappingHandlerMapping - looking up handler for path: /webjars/springfox-swagger-ui/swagger-ui-bundle.js
2019-10-11 21:55:06,141 [http-nio-8080-exec-7] DEBUG springfox.documentation.spring.web.PropertySourcedRequestMappingHandlerMapping - looking up handler for path: /webjars/springfox-swagger-ui/springfox.js
2019-10-11 21:55:06,472 [http-nio-8080-exec-9] DEBUG springfox.documentation.spring.web.PropertySourcedRequestMappingHandlerMapping - looking up handler for path: /swagger-resources/configuration/ui
2019-10-11 21:55:06,477 [http-nio-8080-exec-10] DEBUG springfox.documentation.spring.web.PropertySourcedRequestMappingHandlerMapping - looking up handler for path: /webjars/springfox-swagger-ui/favicon-32x32.png
2019-10-11 21:55:06,601 [http-nio-8080-exec-1] DEBUG springfox.documentation.spring.web.PropertySourcedRequestMappingHandlerMapping - looking up handler for path: /swagger-resources/configuration/security
2019-10-11 21:55:06,614 [http-nio-8080-exec-2] DEBUG springfox.documentation.spring.web.PropertySourcedRequestMappingHandlerMapping - looking up handler for path: /swagger-resources
2019-10-11 21:55:06,670 [http-nio-8080-exec-3] DEBUG springfox.documentation.spring.web.PropertySourcedRequestMappingHandlerMapping - looking up handler for path: /v2/api-docs
2019-10-11 21:55:06,671 [http-nio-8080-exec-3] DEBUG springfox.documentation.spring.web.PropertySourcedRequestMappingHandlerMapping - Mapped to public org.springframework.http.ResponseEntity<springfox.documentation.spring.web.json.Json> springfox.documentation.swagger2.web.Swagger2Controller.getDocumentation(java.lang.String,javax.servlet.http.HttpServletRequest)
2019-10-11 21:55:06,689 [http-nio-8080-exec-4] DEBUG springfox.documentation.spring.web.PropertySourcedRequestMappingHandlerMapping - looking up handler for path: /webjars/springfox-swagger-ui/fonts/titillium-web-v6-latin-700.woff2
2019-10-11 21:55:06,689 [http-nio-8080-exec-5] DEBUG springfox.documentation.spring.web.PropertySourcedRequestMappingHandlerMapping - looking up handler for path: /webjars/springfox-swagger-ui/fonts/open-sans-v15-latin-regular.woff2
2019-10-11 21:55:06,693 [http-nio-8080-exec-7] DEBUG springfox.documentation.spring.web.PropertySourcedRequestMappingHandlerMapping - looking up handler for path: /csrf
2019-10-11 21:55:06,795 [http-nio-8080-exec-7] DEBUG springfox.documentation.spring.web.PropertySourcedRequestMappingHandlerMapping - looking up handler for path: /error
2019-10-11 21:55:06,967 [http-nio-8080-exec-6] DEBUG springfox.documentation.spring.web.PropertySourcedRequestMappingHandlerMapping - looking up handler for path: /webjars/springfox-swagger-ui/fonts/open-sans-v15-latin-700.woff2
2019-10-11 21:55:06,967 [http-nio-8080-exec-8] DEBUG springfox.documentation.spring.web.PropertySourcedRequestMappingHandlerMapping - looking up handler for path: /webjars/springfox-swagger-ui/fonts/source-code-pro-v7-latin-300.woff2
2019-10-11 21:55:07,772 [http-nio-8080-exec-10] DEBUG springfox.documentation.spring.web.PropertySourcedRequestMappingHandlerMapping - looking up handler for path: /webjars/springfox-swagger-ui/fonts/source-code-pro-v7-latin-600.woff2
2019-10-11 21:55:08,808 [http-nio-8080-exec-9] DEBUG springfox.documentation.spring.web.PropertySourcedRequestMappingHandlerMapping - looking up handler for path: /webjars/springfox-swagger-ui/fonts/titillium-web-v6-latin-regular.woff2
2019-10-11 21:55:33,243 [http-nio-8080-exec-1] DEBUG springfox.documentation.spring.web.PropertySourcedRequestMappingHandlerMapping - looking up handler for path: /servicio/v1.0/enviar-datos
2019-10-11 21:55:33,710 [http-nio-8080-exec-1] DEBUG pe.gob.minsa.mcs.servicio.renhice.dao.impl.RegistraDatosClinicosDaoImpl - ::: Mensajes del SP :::---> null
2019-10-11 21:55:33,787 [http-nio-8080-exec-2] DEBUG springfox.documentation.spring.web.PropertySourcedRequestMappingHandlerMapping - looking up handler for path: /webjars/springfox-swagger-ui/fonts/titillium-web-v6-latin-600.woff2
2019-10-15 14:12:38,456 [http-nio-8080-exec-9] DEBUG springfox.documentation.spring.web.PropertySourcedRequestMappingHandlerMapping - looking up handler for path: /
2019-10-15 14:12:38,460 [http-nio-8080-exec-9] DEBUG springfox.documentation.spring.web.PropertySourcedRequestMappingHandlerMapping - looking up handler for path: /index.html
2019-10-15 14:12:40,951 [http-nio-8080-exec-1] DEBUG springfox.documentation.spring.web.PropertySourcedRequestMappingHandlerMapping - looking up handler for path: /swagger-ui.html
2019-10-15 14:12:40,963 [http-nio-8080-exec-2] DEBUG springfox.documentation.spring.web.PropertySourcedRequestMappingHandlerMapping - looking up handler for path: /webjars/springfox-swagger-ui/springfox.css
2019-10-15 14:12:40,963 [http-nio-8080-exec-7] DEBUG springfox.documentation.spring.web.PropertySourcedRequestMappingHandlerMapping - looking up handler for path: /webjars/springfox-swagger-ui/swagger-ui.css
2019-10-15 14:12:41,027 [http-nio-8080-exec-4] DEBUG springfox.documentation.spring.web.PropertySourcedRequestMappingHandlerMapping - looking up handler for path: /webjars/springfox-swagger-ui/swagger-ui-standalone-preset.js
2019-10-15 14:12:41,029 [http-nio-8080-exec-5] DEBUG springfox.documentation.spring.web.PropertySourcedRequestMappingHandlerMapping - looking up handler for path: /webjars/springfox-swagger-ui/springfox.js
2019-10-15 14:12:41,034 [http-nio-8080-exec-7] DEBUG springfox.documentation.spring.web.PropertySourcedRequestMappingHandlerMapping - looking up handler for path: /webjars/springfox-swagger-ui/swagger-ui-bundle.js
2019-10-15 14:12:41,440 [http-nio-8080-exec-6] DEBUG springfox.documentation.spring.web.PropertySourcedRequestMappingHandlerMapping - looking up handler for path: /swagger-resources/configuration/ui
2019-10-15 14:12:41,441 [http-nio-8080-exec-8] DEBUG springfox.documentation.spring.web.PropertySourcedRequestMappingHandlerMapping - looking up handler for path: /webjars/springfox-swagger-ui/favicon-32x32.png
2019-10-15 14:12:41,448 [http-nio-8080-exec-10] DEBUG springfox.documentation.spring.web.PropertySourcedRequestMappingHandlerMapping - looking up handler for path: /swagger-resources/configuration/security
2019-10-15 14:12:41,453 [http-nio-8080-exec-9] DEBUG springfox.documentation.spring.web.PropertySourcedRequestMappingHandlerMapping - looking up handler for path: /swagger-resources
2019-10-15 14:12:41,527 [http-nio-8080-exec-1] DEBUG springfox.documentation.spring.web.PropertySourcedRequestMappingHandlerMapping - looking up handler for path: /v2/api-docs
2019-10-15 14:12:41,527 [http-nio-8080-exec-1] DEBUG springfox.documentation.spring.web.PropertySourcedRequestMappingHandlerMapping - Mapped to public org.springframework.http.ResponseEntity<springfox.documentation.spring.web.json.Json> springfox.documentation.swagger2.web.Swagger2Controller.getDocumentation(java.lang.String,javax.servlet.http.HttpServletRequest)
2019-10-15 14:12:41,546 [http-nio-8080-exec-2] DEBUG springfox.documentation.spring.web.PropertySourcedRequestMappingHandlerMapping - looking up handler for path: /webjars/springfox-swagger-ui/fonts/titillium-web-v6-latin-700.woff2
2019-10-15 14:12:41,546 [http-nio-8080-exec-3] DEBUG springfox.documentation.spring.web.PropertySourcedRequestMappingHandlerMapping - looking up handler for path: /webjars/springfox-swagger-ui/fonts/open-sans-v15-latin-regular.woff2
2019-10-15 14:12:41,679 [http-nio-8080-exec-5] DEBUG springfox.documentation.spring.web.PropertySourcedRequestMappingHandlerMapping - looking up handler for path: /csrf
2019-10-15 14:12:41,679 [http-nio-8080-exec-4] DEBUG springfox.documentation.spring.web.PropertySourcedRequestMappingHandlerMapping - looking up handler for path: /webjars/springfox-swagger-ui/fonts/open-sans-v15-latin-700.woff2
2019-10-15 14:12:41,684 [http-nio-8080-exec-7] DEBUG springfox.documentation.spring.web.PropertySourcedRequestMappingHandlerMapping - looking up handler for path: /webjars/springfox-swagger-ui/fonts/source-code-pro-v7-latin-300.woff2
2019-10-15 14:12:41,769 [http-nio-8080-exec-5] DEBUG springfox.documentation.spring.web.PropertySourcedRequestMappingHandlerMapping - looking up handler for path: /error
2019-10-15 14:12:42,548 [http-nio-8080-exec-6] DEBUG springfox.documentation.spring.web.PropertySourcedRequestMappingHandlerMapping - looking up handler for path: /webjars/springfox-swagger-ui/fonts/source-code-pro-v7-latin-600.woff2
2019-10-15 14:12:43,924 [http-nio-8080-exec-8] DEBUG springfox.documentation.spring.web.PropertySourcedRequestMappingHandlerMapping - looking up handler for path: /webjars/springfox-swagger-ui/fonts/titillium-web-v6-latin-regular.woff2
2019-10-18 19:54:29,061 [http-nio-8080-exec-4] DEBUG springfox.documentation.spring.web.PropertySourcedRequestMappingHandlerMapping - looking up handler for path: /webjars/springfox-swagger-ui/swagger-ui.css
2019-10-18 19:54:29,063 [http-nio-8080-exec-7] DEBUG springfox.documentation.spring.web.PropertySourcedRequestMappingHandlerMapping - looking up handler for path: /webjars/springfox-swagger-ui/swagger-ui-bundle.js
2019-10-18 19:54:29,064 [http-nio-8080-exec-5] DEBUG springfox.documentation.spring.web.PropertySourcedRequestMappingHandlerMapping - looking up handler for path: /webjars/springfox-swagger-ui/springfox.js
2019-10-18 19:54:29,068 [http-nio-8080-exec-6] DEBUG springfox.documentation.spring.web.PropertySourcedRequestMappingHandlerMapping - looking up handler for path: /webjars/springfox-swagger-ui/swagger-ui-standalone-preset.js
2019-10-18 19:54:29,417 [http-nio-8080-exec-8] DEBUG springfox.documentation.spring.web.PropertySourcedRequestMappingHandlerMapping - looking up handler for path: /swagger-resources/configuration/security
2019-10-18 19:54:29,425 [http-nio-8080-exec-9] DEBUG springfox.documentation.spring.web.PropertySourcedRequestMappingHandlerMapping - looking up handler for path: /swagger-resources
2019-10-18 19:54:29,462 [http-nio-8080-exec-10] DEBUG springfox.documentation.spring.web.PropertySourcedRequestMappingHandlerMapping - looking up handler for path: /v2/api-docs
2019-10-18 19:54:29,462 [http-nio-8080-exec-3] DEBUG springfox.documentation.spring.web.PropertySourcedRequestMappingHandlerMapping - looking up handler for path: /
2019-10-18 19:54:29,462 [http-nio-8080-exec-10] DEBUG springfox.documentation.spring.web.PropertySourcedRequestMappingHandlerMapping - Mapped to public org.springframework.http.ResponseEntity<springfox.documentation.spring.web.json.Json> springfox.documentation.swagger2.web.Swagger2Controller.getDocumentation(java.lang.String,javax.servlet.http.HttpServletRequest)
2019-10-18 19:54:29,463 [http-nio-8080-exec-3] DEBUG springfox.documentation.spring.web.PropertySourcedRequestMappingHandlerMapping - looking up handler for path: /index.html
2019-10-18 19:54:29,483 [http-nio-8080-exec-1] DEBUG springfox.documentation.spring.web.PropertySourcedRequestMappingHandlerMapping - looking up handler for path: /csrf
2019-10-18 19:54:29,570 [http-nio-8080-exec-1] DEBUG springfox.documentation.spring.web.PropertySourcedRequestMappingHandlerMapping - looking up handler for path: /error
2019-10-24 16:00:23,109 [http-nio-8080-exec-8] DEBUG springfox.documentation.spring.web.PropertySourcedRequestMappingHandlerMapping - looking up handler for path: /webjars/springfox-swagger-ui/fonts/source-code-pro-v7-latin-600.woff2
2019-10-24 16:00:23,208 [http-nio-8080-exec-9] DEBUG springfox.documentation.spring.web.PropertySourcedRequestMappingHandlerMapping - looking up handler for path: /webjars/springfox-swagger-ui/favicon-32x32.png
2019-10-24 16:00:23,308 [http-nio-8080-exec-3] DEBUG springfox.documentation.spring.web.PropertySourcedRequestMappingHandlerMapping - looking up handler for path: /webjars/springfox-swagger-ui/fonts/titillium-web-v6-latin-regular.woff2
2019-10-24 21:04:47,317 [main] INFO  pe.gob.minsa.mcs.servicio.renhice.McsServicioRenhiceApplication - Starting McsServicioRenhiceApplication v1.0.0 on mcsserviciorenhice1 with PID 1 (/app.jar started by root in /)
2019-10-24 21:04:47,331 [main] DEBUG pe.gob.minsa.mcs.servicio.renhice.McsServicioRenhiceApplication - Running with Spring Boot v2.1.8.RELEASE, Spring v5.1.9.RELEASE
2019-10-24 21:04:47,333 [main] INFO  pe.gob.minsa.mcs.servicio.renhice.McsServicioRenhiceApplication - No active profile set, falling back to default profiles: default
2019-10-24 21:04:50,795 [main] DEBUG springfox.documentation.spring.web.PropertySourcedRequestMappingHandlerMapping - initialising the handler methods
2019-10-24 21:04:50,798 [main] INFO  springfox.documentation.spring.web.PropertySourcedRequestMappingHandlerMapping - Mapped URL path [/v2/api-docs] onto method [public org.springframework.http.ResponseEntity<springfox.documentation.spring.web.json.Json> springfox.documentation.swagger2.web.Swagger2Controller.getDocumentation(java.lang.String,javax.servlet.http.HttpServletRequest)]
2019-10-24 21:04:51,302 [main] INFO  springfox.documentation.spring.web.plugins.DocumentationPluginsBootstrapper - Context refreshed
2019-10-24 21:04:51,341 [main] INFO  springfox.documentation.spring.web.plugins.DocumentationPluginsBootstrapper - Found 1 custom documentation plugin(s)
2019-10-24 21:04:51,364 [main] DEBUG springfox.documentation.spring.web.plugins.DefaultRequestHandlerCombiner - Total number of request handlers 6
2019-10-24 21:04:51,365 [main] DEBUG springfox.documentation.spring.web.plugins.DefaultRequestHandlerCombiner - Adding key: [/error], WebMvcRequestHandler{key=RequestHandlerKey{pathMappings=[/error], supportedMethods=[], supportedMediaTypes=[], producibleMediaTypes=[text/html]}}
2019-10-24 21:04:51,366 [main] DEBUG springfox.documentation.spring.web.plugins.DefaultRequestHandlerCombiner - Adding key: [/error], WebMvcRequestHandler{key=RequestHandlerKey{pathMappings=[/error], supportedMethods=[], supportedMediaTypes=[], producibleMediaTypes=[]}}
2019-10-24 21:04:51,366 [main] DEBUG springfox.documentation.spring.web.plugins.DefaultRequestHandlerCombiner - Adding key: [/servicio/v1.0/enviar-datos], WebMvcRequestHandler{key=RequestHandlerKey{pathMappings=[/servicio/v1.0/enviar-datos], supportedMethods=[POST], supportedMediaTypes=[], producibleMediaTypes=[application/json;charset=UTF-8]}}
2019-10-24 21:04:51,366 [main] DEBUG springfox.documentation.spring.web.plugins.DefaultRequestHandlerCombiner - Adding key: [/swagger-resources/configuration/security], WebMvcRequestHandler{key=RequestHandlerKey{pathMappings=[/swagger-resources/configuration/security], supportedMethods=[], supportedMediaTypes=[], producibleMediaTypes=[]}}
2019-10-24 21:04:51,367 [main] DEBUG springfox.documentation.spring.web.plugins.DefaultRequestHandlerCombiner - Adding key: [/swagger-resources/configuration/ui], WebMvcRequestHandler{key=RequestHandlerKey{pathMappings=[/swagger-resources/configuration/ui], supportedMethods=[], supportedMediaTypes=[], producibleMediaTypes=[]}}
2019-10-24 21:04:51,367 [main] DEBUG springfox.documentation.spring.web.plugins.DefaultRequestHandlerCombiner - Adding key: [/swagger-resources], WebMvcRequestHandler{key=RequestHandlerKey{pathMappings=[/swagger-resources], supportedMethods=[], supportedMediaTypes=[], producibleMediaTypes=[]}}
2019-10-24 21:04:51,387 [main] DEBUG springfox.documentation.spring.web.plugins.DefaultRequestHandlerCombiner - Combined number of request handlers 6
2019-10-24 21:04:51,389 [main] INFO  springfox.documentation.spring.web.scanners.ApiListingReferenceScanner - Scanning for api listing references
2019-10-24 21:04:51,412 [main] DEBUG springfox.documentation.spring.web.readers.operation.OperationModelsProvider - Adding return parameter of type Lpe/gob/minsa/mcs/servicio/renhice/bean/DatosClinicosResponseBean;
2019-10-24 21:04:51,413 [main] DEBUG springfox.documentation.spring.web.readers.operation.OperationModelsProvider - Reading parameters models for handlerMethod |enviarDatos|
2019-10-24 21:04:51,414 [main] DEBUG springfox.documentation.spring.web.readers.operation.OperationModelsProvider - Adding input parameter of type Lpe/gob/minsa/mcs/servicio/renhice/bean/DatosClinicosBean;
2019-10-24 21:04:51,414 [main] DEBUG springfox.documentation.spring.web.readers.operation.OperationModelsProvider - Finished reading parameters models for handlerMethod |enviarDatos|
2019-10-24 21:04:51,416 [main] DEBUG springfox.documentation.swagger.readers.operation.SwaggerOperationModelsProvider - Reading parameters models for handlerMethod |enviarDatos|
2019-10-24 21:04:51,498 [main] DEBUG springfox.documentation.spring.web.scanners.ApiModelReader - Generated parameter model id: DatosClinicosBean, name: DatosClinicosBean, schema: {} models
2019-10-24 21:04:51,498 [main] DEBUG springfox.documentation.spring.web.scanners.ApiModelReader - Adding a new model with key DatosClinicosBean
2019-10-24 21:04:51,637 [main] DEBUG springfox.documentation.spring.web.scanners.ApiModelReader - Adding a new model with key AntAdversaMedicamento
2019-10-24 21:04:51,637 [main] DEBUG springfox.documentation.spring.web.scanners.ApiModelReader - Adding a new model with key Diagnostico
2019-10-24 21:04:51,637 [main] DEBUG springfox.documentation.spring.web.scanners.ApiModelReader - Adding a new model with key AntDefinitivo
2019-10-24 21:04:51,637 [main] DEBUG springfox.documentation.spring.web.scanners.ApiModelReader - Adding a new model with key AntIntervencionQuirurgica
2019-10-24 21:04:51,638 [main] DEBUG springfox.documentation.spring.web.scanners.ApiModelReader - Adding a new model with key MedicamentoPrescrito
2019-10-24 21:04:51,638 [main] DEBUG springfox.documentation.spring.web.scanners.ApiModelReader - Adding a new model with key PlanMotivoContrareferencia
2019-10-24 21:04:51,638 [main] DEBUG springfox.documentation.spring.web.scanners.ApiModelReader - Adding a new model with key AntTipoAdversaMedicamento
2019-10-24 21:04:51,638 [main] DEBUG springfox.documentation.spring.web.scanners.ApiModelReader - Adding a new model with key IndicacionAlta
2019-10-24 21:04:51,638 [main] DEBUG springfox.documentation.spring.web.scanners.ApiModelReader - Adding a new model with key EpisodioAtencion
2019-10-24 21:04:51,638 [main] DEBUG springfox.documentation.spring.web.scanners.ApiModelReader - Adding a new model with key Antecedente
2019-10-24 21:04:51,638 [main] DEBUG springfox.documentation.spring.web.scanners.ApiModelReader - Adding a new model with key PlanExamenAuxiliarLaboratorio
2019-10-24 21:04:51,638 [main] DEBUG springfox.documentation.spring.web.scanners.ApiModelReader - Adding a new model with key PlanExamenAuxiliarImagen
2019-10-24 21:04:51,638 [main] DEBUG springfox.documentation.spring.web.scanners.ApiModelReader - Adding a new model with key AntInmunizacionEpisodio
2019-10-24 21:04:51,638 [main] DEBUG springfox.documentation.spring.web.scanners.ApiModelReader - Adding a new model with key PlanEnfermedadRam
2019-10-24 21:04:51,638 [main] DEBUG springfox.documentation.spring.web.scanners.ApiModelReader - Adding a new model with key Tratamiento
2019-10-24 21:04:51,638 [main] DEBUG springfox.documentation.spring.web.scanners.ApiModelReader - Adding a new model with key AntHospitalizacionPrevia
2019-10-24 21:04:51,639 [main] DEBUG springfox.documentation.spring.web.scanners.ApiModelReader - Adding a new model with key AntMedicacionHabitual
2019-10-24 21:04:51,639 [main] DEBUG springfox.documentation.spring.web.scanners.ApiModelReader - Adding a new model with key PlanRespuestaTelemedicina
2019-10-24 21:04:51,639 [main] DEBUG springfox.documentation.spring.web.scanners.ApiModelReader - Adding a new model with key PlanRespuestaInterconsulta
2019-10-24 21:04:51,639 [main] DEBUG springfox.documentation.spring.web.scanners.ApiModelReader - Adding a new model with key IndAltaDiagEgreso
2019-10-24 21:04:51,639 [main] DEBUG springfox.documentation.spring.web.scanners.ApiModelReader - Adding a new model with key AntInmunizacion
2019-10-24 21:04:51,639 [main] DEBUG springfox.documentation.spring.web.scanners.ApiModelReader - Adding a new model with key PlanTrabajo
2019-10-24 21:04:51,639 [main] DEBUG springfox.documentation.spring.web.scanners.ApiModelReader - Adding a new model with key TratamientoMedicamentoControlado
2019-10-24 21:04:51,639 [main] DEBUG springfox.documentation.spring.web.scanners.ApiModelReader - Adding a new model with key AntEpidemiologico
2019-10-24 21:04:51,639 [main] DEBUG springfox.documentation.spring.web.scanners.ApiModelReader - Adding a new model with key PlanMotivoReferencia
2019-10-24 21:04:51,639 [main] DEBUG springfox.documentation.spring.web.scanners.ApiModelReader - Adding a new model with key TratamientoMedicamento
2019-10-24 21:04:51,639 [main] DEBUG springfox.documentation.spring.web.scanners.ApiModelReader - Adding a new model with key PlanMotivoTelemedicina
2019-10-24 21:04:51,639 [main] DEBUG springfox.documentation.spring.web.scanners.ApiModelReader - Adding a new model with key AntObstetrico
2019-10-24 21:04:51,639 [main] DEBUG springfox.documentation.spring.web.scanners.ApiModelReader - Adding a new model with key PlanResultadoExamenLaboratorio
2019-10-24 21:04:51,640 [main] DEBUG springfox.documentation.spring.web.scanners.ApiModelReader - Adding a new model with key AntSocial
2019-10-24 21:04:51,640 [main] DEBUG springfox.documentation.spring.web.scanners.ApiModelReader - Adding a new model with key AntObsParto
2019-10-24 21:04:51,640 [main] DEBUG springfox.documentation.spring.web.scanners.ApiModelReader - Adding a new model with key AntAlergia
2019-10-24 21:04:51,640 [main] DEBUG springfox.documentation.spring.web.scanners.ApiModelReader - Adding a new model with key EpisodioClinico
2019-10-24 21:04:51,640 [main] DEBUG springfox.documentation.spring.web.scanners.ApiModelReader - Adding a new model with key AntfamiliarConsanguineidad
2019-10-24 21:04:51,641 [main] DEBUG springfox.documentation.spring.web.scanners.ApiModelReader - Generated parameter model id: DatosClinicosResponseBean, name: DatosClinicosResponseBean, schema: {} models
2019-10-24 21:04:51,641 [main] DEBUG springfox.documentation.spring.web.scanners.ApiModelReader - Adding a new model with key DatosClinicosResponseBean
2019-10-24 21:04:51,658 [main] DEBUG springfox.documentation.spring.web.readers.operation.OperationResponseClassReader - Setting spring response class to: DatosClinicosResponseBean
2019-10-24 21:04:51,658 [main] DEBUG springfox.documentation.swagger.readers.operation.SwaggerOperationResponseClassReader - Setting response class to:DatosClinicosResponseBean
2019-10-24 21:04:51,660 [main] DEBUG springfox.documentation.swagger.readers.operation.OperationAuthReader - Authorization count 0 for method enviarDatos
2019-10-24 21:04:51,766 [main] INFO  pe.gob.minsa.mcs.servicio.renhice.McsServicioRenhiceApplication - Started McsServicioRenhiceApplication in 5.308 seconds (JVM running for 6.684)
2019-10-26 04:33:25,291 [http-nio-8080-exec-3] DEBUG springfox.documentation.spring.web.PropertySourcedRequestMappingHandlerMapping - looking up handler for path: /
2019-10-26 04:33:25,325 [http-nio-8080-exec-3] DEBUG springfox.documentation.spring.web.PropertySourcedRequestMappingHandlerMapping - looking up handler for path: /index.html
2019-10-26 04:33:27,492 [http-nio-8080-exec-4] DEBUG springfox.documentation.spring.web.PropertySourcedRequestMappingHandlerMapping - looking up handler for path: /swagger-ui.html
2019-10-26 04:33:27,508 [http-nio-8080-exec-6] DEBUG springfox.documentation.spring.web.PropertySourcedRequestMappingHandlerMapping - looking up handler for path: /webjars/springfox-swagger-ui/swagger-ui.css
2019-10-26 04:33:27,508 [http-nio-8080-exec-5] DEBUG springfox.documentation.spring.web.PropertySourcedRequestMappingHandlerMapping - looking up handler for path: /webjars/springfox-swagger-ui/springfox.css
2019-10-26 04:33:27,519 [http-nio-8080-exec-8] DEBUG springfox.documentation.spring.web.PropertySourcedRequestMappingHandlerMapping - looking up handler for path: /webjars/springfox-swagger-ui/swagger-ui-standalone-preset.js
2019-10-26 04:33:27,522 [http-nio-8080-exec-9] DEBUG springfox.documentation.spring.web.PropertySourcedRequestMappingHandlerMapping - looking up handler for path: /webjars/springfox-swagger-ui/springfox.js
2019-10-26 04:33:27,527 [http-nio-8080-exec-7] DEBUG springfox.documentation.spring.web.PropertySourcedRequestMappingHandlerMapping - looking up handler for path: /webjars/springfox-swagger-ui/swagger-ui-bundle.js
2019-10-26 04:33:27,945 [http-nio-8080-exec-10] DEBUG springfox.documentation.spring.web.PropertySourcedRequestMappingHandlerMapping - looking up handler for path: /swagger-resources/configuration/ui
2019-10-26 04:33:27,945 [http-nio-8080-exec-1] DEBUG springfox.documentation.spring.web.PropertySourcedRequestMappingHandlerMapping - looking up handler for path: /webjars/springfox-swagger-ui/favicon-32x32.png
2019-10-26 04:33:28,121 [http-nio-8080-exec-2] DEBUG springfox.documentation.spring.web.PropertySourcedRequestMappingHandlerMapping - looking up handler for path: /swagger-resources/configuration/security
2019-10-26 04:33:28,148 [http-nio-8080-exec-3] DEBUG springfox.documentation.spring.web.PropertySourcedRequestMappingHandlerMapping - looking up handler for path: /swagger-resources
2019-10-26 04:33:28,218 [http-nio-8080-exec-4] DEBUG springfox.documentation.spring.web.PropertySourcedRequestMappingHandlerMapping - looking up handler for path: /v2/api-docs
2019-10-26 04:33:28,218 [http-nio-8080-exec-4] DEBUG springfox.documentation.spring.web.PropertySourcedRequestMappingHandlerMapping - Mapped to public org.springframework.http.ResponseEntity<springfox.documentation.spring.web.json.Json> springfox.documentation.swagger2.web.Swagger2Controller.getDocumentation(java.lang.String,javax.servlet.http.HttpServletRequest)
2019-10-26 04:33:28,251 [http-nio-8080-exec-5] DEBUG springfox.documentation.spring.web.PropertySourcedRequestMappingHandlerMapping - looking up handler for path: /webjars/springfox-swagger-ui/fonts/titillium-web-v6-latin-700.woff2
2019-10-26 04:33:28,251 [http-nio-8080-exec-6] DEBUG springfox.documentation.spring.web.PropertySourcedRequestMappingHandlerMapping - looking up handler for path: /webjars/springfox-swagger-ui/fonts/open-sans-v15-latin-regular.woff2
2019-10-26 04:33:28,287 [http-nio-8080-exec-9] DEBUG springfox.documentation.spring.web.PropertySourcedRequestMappingHandlerMapping - looking up handler for path: /csrf
2019-10-26 04:33:28,447 [http-nio-8080-exec-9] DEBUG springfox.documentation.spring.web.PropertySourcedRequestMappingHandlerMapping - looking up handler for path: /error
2019-10-26 04:33:28,645 [http-nio-8080-exec-8] DEBUG springfox.documentation.spring.web.PropertySourcedRequestMappingHandlerMapping - looking up handler for path: /webjars/springfox-swagger-ui/fonts/open-sans-v15-latin-700.woff2
2019-10-26 04:33:28,647 [http-nio-8080-exec-7] DEBUG springfox.documentation.spring.web.PropertySourcedRequestMappingHandlerMapping - looking up handler for path: /webjars/springfox-swagger-ui/fonts/source-code-pro-v7-latin-300.woff2
2019-10-26 04:33:29,801 [http-nio-8080-exec-1] DEBUG springfox.documentation.spring.web.PropertySourcedRequestMappingHandlerMapping - looking up handler for path: /webjars/springfox-swagger-ui/fonts/source-code-pro-v7-latin-600.woff2
2019-10-26 04:33:31,449 [http-nio-8080-exec-10] DEBUG springfox.documentation.spring.web.PropertySourcedRequestMappingHandlerMapping - looking up handler for path: /webjars/springfox-swagger-ui/fonts/titillium-web-v6-latin-regular.woff2
2019-10-26 04:33:37,429 [http-nio-8080-exec-2] DEBUG springfox.documentation.spring.web.PropertySourcedRequestMappingHandlerMapping - looking up handler for path: /servicio/v1.0/enviar-datos
2019-10-26 04:33:37,791 [http-nio-8080-exec-2] DEBUG pe.gob.minsa.mcs.servicio.renhice.dao.impl.RegistraDatosClinicosDaoImpl - ::: Mensajes del SP :::---> Error Name: invalid input syntax for type numeric: " ", State: 22P02, Context: PL/pgSQL function servicioweb.sp_actualiza_hce_renhice(json) line 175 at assignment
2019-10-26 04:33:37,856 [http-nio-8080-exec-3] DEBUG springfox.documentation.spring.web.PropertySourcedRequestMappingHandlerMapping - looking up handler for path: /webjars/springfox-swagger-ui/fonts/titillium-web-v6-latin-600.woff2
2019-10-26 04:35:36,733 [http-nio-8080-exec-7] DEBUG springfox.documentation.spring.web.PropertySourcedRequestMappingHandlerMapping - looking up handler for path: /servicio/v1.0
2019-10-26 04:35:36,845 [http-nio-8080-exec-7] DEBUG springfox.documentation.spring.web.PropertySourcedRequestMappingHandlerMapping - looking up handler for path: /error
2019-10-26 04:35:37,712 [http-nio-8080-exec-1] DEBUG springfox.documentation.spring.web.PropertySourcedRequestMappingHandlerMapping - looking up handler for path: /servicio/v1.0
2019-10-26 04:35:37,714 [http-nio-8080-exec-1] DEBUG springfox.documentation.spring.web.PropertySourcedRequestMappingHandlerMapping - looking up handler for path: /error
2019-10-26 04:46:46,623 [http-nio-8080-exec-3] DEBUG springfox.documentation.spring.web.PropertySourcedRequestMappingHandlerMapping - looking up handler for path: /swagger-resources/configuration/ui
2019-10-26 04:46:46,635 [http-nio-8080-exec-6] DEBUG springfox.documentation.spring.web.PropertySourcedRequestMappingHandlerMapping - looking up handler for path: /swagger-resources/configuration/security
2019-10-26 04:46:46,641 [http-nio-8080-exec-5] DEBUG springfox.documentation.spring.web.PropertySourcedRequestMappingHandlerMapping - looking up handler for path: /swagger-resources
2019-10-26 04:46:46,702 [http-nio-8080-exec-9] DEBUG springfox.documentation.spring.web.PropertySourcedRequestMappingHandlerMapping - looking up handler for path: /v2/api-docs
2019-10-26 04:46:46,702 [http-nio-8080-exec-9] DEBUG springfox.documentation.spring.web.PropertySourcedRequestMappingHandlerMapping - Mapped to public org.springframework.http.ResponseEntity<springfox.documentation.spring.web.json.Json> springfox.documentation.swagger2.web.Swagger2Controller.getDocumentation(java.lang.String,javax.servlet.http.HttpServletRequest)
2019-10-26 04:46:46,878 [http-nio-8080-exec-4] DEBUG springfox.documentation.spring.web.PropertySourcedRequestMappingHandlerMapping - looking up handler for path: /csrf
2019-10-26 04:46:46,966 [http-nio-8080-exec-4] DEBUG springfox.documentation.spring.web.PropertySourcedRequestMappingHandlerMapping - looking up handler for path: /error
2019-10-26 04:47:09,647 [http-nio-8080-exec-7] DEBUG springfox.documentation.spring.web.PropertySourcedRequestMappingHandlerMapping - looking up handler for path: /servicio/v1.0/enviar-datos
2019-10-26 04:47:09,720 [http-nio-8080-exec-7] DEBUG pe.gob.minsa.mcs.servicio.renhice.dao.impl.RegistraDatosClinicosDaoImpl - ::: Mensajes del SP :::---> Error Name: invalid input syntax for type numeric: " ", State: 22P02, Context: PL/pgSQL function servicioweb.sp_actualiza_hce_renhice(json) line 175 at assignment
2019-10-26 05:02:06,232 [http-nio-8080-exec-10] DEBUG springfox.documentation.spring.web.PropertySourcedRequestMappingHandlerMapping - looking up handler for path: /servicio/v1.0/enviar-datos
2019-10-26 05:02:06,270 [http-nio-8080-exec-10] DEBUG pe.gob.minsa.mcs.servicio.renhice.dao.impl.RegistraDatosClinicosDaoImpl - ::: Mensajes del SP :::---> Error Name: cannot get array length of a scalar, State: 22023, Context: PL/pgSQL function servicioweb.sp_actualiza_hce_renhice(json) line 193 at assignment
2019-10-26 05:03:35,635 [http-nio-8080-exec-6] DEBUG springfox.documentation.spring.web.PropertySourcedRequestMappingHandlerMapping - looking up handler for path: /servicio/v1.0/enviar-datos
2019-10-26 05:03:35,812 [http-nio-8080-exec-6] DEBUG pe.gob.minsa.mcs.servicio.renhice.dao.impl.RegistraDatosClinicosDaoImpl - ::: Mensajes del SP :::---> Error Name: invalid input syntax for type numeric: " ", State: 22P02, Context: PL/pgSQL function servicioweb.sp_actualiza_hce_renhice(json) line 175 at assignment
2019-10-28 16:34:26,569 [http-nio-8080-exec-9] DEBUG springfox.documentation.spring.web.PropertySourcedRequestMappingHandlerMapping - looking up handler for path: /servicio/v1.0/enviar-datos
2019-10-28 16:34:26,726 [http-nio-8080-exec-9] DEBUG pe.gob.minsa.mcs.servicio.renhice.dao.impl.RegistraDatosClinicosDaoImpl - ::: Mensajes del SP :::---> null
2019-10-30 14:47:01,232 [http-nio-8080-exec-7] DEBUG springfox.documentation.spring.web.PropertySourcedRequestMappingHandlerMapping - looking up handler for path: /
2019-10-30 14:47:01,235 [http-nio-8080-exec-7] DEBUG springfox.documentation.spring.web.PropertySourcedRequestMappingHandlerMapping - looking up handler for path: /index.html
